;;; 
Export: Release 10.2.0.1.0 - Production on Воскресенье, 08 Апрель, 2018 20:15:03

Copyright (c) 2003, 2005, Oracle.  All rights reserved.
;;; 
Соединен с: Oracle Database 10g Enterprise Edition Release 10.2.0.1.0 - Production
With the Partitioning, OLAP and Data Mining options
Выполняется запуск "SYSTEM"."SYS_EXPORT_SCHEMA_01":  system/********@orcl schemas=SOLID directory=DUMP_DIR dumpfile=SOLID.dmp logfile=expdpSOLID.log 
Выполняется оценка с помощью метода BLOCKS...
Обрабатывается объект типа SCHEMA_EXPORT/TABLE/TABLE_DATA
Оценка итога с помощью метода BLOCKS: 448 KB
Обрабатывается объект типа SCHEMA_EXPORT/USER
Обрабатывается объект типа SCHEMA_EXPORT/SYSTEM_GRANT
Обрабатывается объект типа SCHEMA_EXPORT/ROLE_GRANT
Обрабатывается объект типа SCHEMA_EXPORT/DEFAULT_ROLE
Обрабатывается объект типа SCHEMA_EXPORT/TABLESPACE_QUOTA
Обрабатывается объект типа SCHEMA_EXPORT/PRE_SCHEMA/PROCACT_SCHEMA
Обрабатывается объект типа SCHEMA_EXPORT/SEQUENCE/SEQUENCE
Обрабатывается объект типа SCHEMA_EXPORT/TABLE/TABLE
Обрабатывается объект типа SCHEMA_EXPORT/TABLE/INDEX/INDEX
Обрабатывается объект типа SCHEMA_EXPORT/TABLE/CONSTRAINT/CONSTRAINT
Обрабатывается объект типа SCHEMA_EXPORT/TABLE/INDEX/STATISTICS/INDEX_STATISTICS
Обрабатывается объект типа SCHEMA_EXPORT/PACKAGE/PACKAGE_SPEC
Обрабатывается объект типа SCHEMA_EXPORT/FUNCTION/FUNCTION
Обрабатывается объект типа SCHEMA_EXPORT/PROCEDURE/PROCEDURE
Обрабатывается объект типа SCHEMA_EXPORT/PACKAGE/COMPILE_PACKAGE/PACKAGE_SPEC/ALTER_PACKAGE_SPEC
Обрабатывается объект типа SCHEMA_EXPORT/FUNCTION/ALTER_FUNCTION
Обрабатывается объект типа SCHEMA_EXPORT/PROCEDURE/ALTER_PROCEDURE
Обрабатывается объект типа SCHEMA_EXPORT/PACKAGE/PACKAGE_BODY
Обрабатывается объект типа SCHEMA_EXPORT/TABLE/CONSTRAINT/REF_CONSTRAINT
Обрабатывается объект типа SCHEMA_EXPORT/TABLE/TRIGGER
Обрабатывается объект типа SCHEMA_EXPORT/TABLE/STATISTICS/TABLE_STATISTICS
. . экспортировано "SOLID"."SYSTEM_USERS"                      16.72 KB       2 строк
. . экспортировано "SOLID"."EXTERNAL_LINK"                     6.375 KB       4 строк
. . экспортировано "SOLID"."MESSAGE"                           6.898 KB       2 строк
. . экспортировано "SOLID"."MODEL_TYPE"                        5.351 KB       4 строк
. . экспортировано "SOLID"."USER_MODEL"                        6.554 KB       6 строк
. . экспортировано "SOLID"."USER_MODEL_TREE"                   7.054 KB       8 строк
Главная таблица "SYSTEM"."SYS_EXPORT_SCHEMA_01" успешно загружена/выгружена
******************************************************************************
Файл дампа, назначенный для SYSTEM.SYS_EXPORT_SCHEMA_01:
  C:\ORACLE\DUMP_DIR\SOLID.DMP
Задание "SYSTEM"."SYS_EXPORT_SCHEMA_01" успешно завершено в 20:15:09
