;;; 
Export: Release 10.2.0.1.0 - Production on Воскресенье, 08 Апрель, 2018 20:18:40

Copyright (c) 2003, 2005, Oracle.  All rights reserved.
;;; 
Соединен с: Oracle Database 10g Enterprise Edition Release 10.2.0.1.0 - Production
With the Partitioning, OLAP and Data Mining options
Выполняется запуск "SYSTEM"."SYS_EXPORT_FULL_01":  system/********@orcl FULL=Y directory=DUMP_DIR dumpfile=FULLSOLID.dmp logfile=expdpFULLSOLID.log 
Выполняется оценка с помощью метода BLOCKS...
Обрабатывается объект типа DATABASE_EXPORT/SCHEMA/TABLE/TABLE_DATA
Оценка итога с помощью метода BLOCKS: 8.812 MB
Обрабатывается объект типа DATABASE_EXPORT/TABLESPACE
Обрабатывается объект типа DATABASE_EXPORT/PROFILE
Обрабатывается объект типа DATABASE_EXPORT/SYS_USER/USER
Обрабатывается объект типа DATABASE_EXPORT/SCHEMA/USER
Обрабатывается объект типа DATABASE_EXPORT/ROLE
Обрабатывается объект типа DATABASE_EXPORT/GRANT/SYSTEM_GRANT/PROC_SYSTEM_GRANT
Обрабатывается объект типа DATABASE_EXPORT/SCHEMA/GRANT/SYSTEM_GRANT
Обрабатывается объект типа DATABASE_EXPORT/SCHEMA/ROLE_GRANT
Обрабатывается объект типа DATABASE_EXPORT/SCHEMA/DEFAULT_ROLE
Обрабатывается объект типа DATABASE_EXPORT/SCHEMA/TABLESPACE_QUOTA
Обрабатывается объект типа DATABASE_EXPORT/RESOURCE_COST
Обрабатывается объект типа DATABASE_EXPORT/TRUSTED_DB_LINK
Обрабатывается объект типа DATABASE_EXPORT/SCHEMA/SEQUENCE/SEQUENCE
Обрабатывается объект типа DATABASE_EXPORT/SCHEMA/SEQUENCE/GRANT/OWNER_GRANT/OBJECT_GRANT
Обрабатывается объект типа DATABASE_EXPORT/DIRECTORY/DIRECTORY
Обрабатывается объект типа DATABASE_EXPORT/DIRECTORY/GRANT/OWNER_GRANT/OBJECT_GRANT
Обрабатывается объект типа DATABASE_EXPORT/CONTEXT
Обрабатывается объект типа DATABASE_EXPORT/SCHEMA/PUBLIC_SYNONYM/SYNONYM
Обрабатывается объект типа DATABASE_EXPORT/SCHEMA/SYNONYM
Обрабатывается объект типа DATABASE_EXPORT/SCHEMA/TYPE/TYPE_SPEC
Обрабатывается объект типа DATABASE_EXPORT/SYSTEM_PROCOBJACT/PRE_SYSTEM_ACTIONS/PROCACT_SYSTEM
Обрабатывается объект типа DATABASE_EXPORT/SYSTEM_PROCOBJACT/POST_SYSTEM_ACTIONS/PROCACT_SYSTEM
Обрабатывается объект типа DATABASE_EXPORT/SCHEMA/PROCACT_SCHEMA
Обрабатывается объект типа DATABASE_EXPORT/SCHEMA/TABLE/TABLE
Обрабатывается объект типа DATABASE_EXPORT/SCHEMA/TABLE/PRE_TABLE_ACTION
Обрабатывается объект типа DATABASE_EXPORT/SCHEMA/TABLE/GRANT/OWNER_GRANT/OBJECT_GRANT
Обрабатывается объект типа DATABASE_EXPORT/SCHEMA/TABLE/GRANT/CROSS_SCHEMA/OBJECT_GRANT
Обрабатывается объект типа DATABASE_EXPORT/SCHEMA/TABLE/INDEX/INDEX
Обрабатывается объект типа DATABASE_EXPORT/SCHEMA/TABLE/CONSTRAINT/CONSTRAINT
Обрабатывается объект типа DATABASE_EXPORT/SCHEMA/TABLE/INDEX/STATISTICS/INDEX_STATISTICS
Обрабатывается объект типа DATABASE_EXPORT/SCHEMA/TABLE/COMMENT
Обрабатывается объект типа DATABASE_EXPORT/SCHEMA/PACKAGE/PACKAGE_SPEC
Обрабатывается объект типа DATABASE_EXPORT/SCHEMA/PACKAGE/GRANT/OWNER_GRANT/OBJECT_GRANT
Обрабатывается объект типа DATABASE_EXPORT/SCHEMA/FUNCTION/FUNCTION
Обрабатывается объект типа DATABASE_EXPORT/SCHEMA/FUNCTION/GRANT/OWNER_GRANT/OBJECT_GRANT
Обрабатывается объект типа DATABASE_EXPORT/SCHEMA/PROCEDURE/PROCEDURE
Обрабатывается объект типа DATABASE_EXPORT/SCHEMA/PROCEDURE/GRANT/OWNER_GRANT/OBJECT_GRANT
Обрабатывается объект типа DATABASE_EXPORT/SCHEMA/PACKAGE/COMPILE_PACKAGE/PACKAGE_SPEC/ALTER_PACKAGE_SPEC
Обрабатывается объект типа DATABASE_EXPORT/SCHEMA/FUNCTION/ALTER_FUNCTION
Обрабатывается объект типа DATABASE_EXPORT/SCHEMA/PROCEDURE/ALTER_PROCEDURE
Обрабатывается объект типа DATABASE_EXPORT/SCHEMA/VIEW/VIEW
Обрабатывается объект типа DATABASE_EXPORT/SCHEMA/VIEW/GRANT/OWNER_GRANT/OBJECT_GRANT
Обрабатывается объект типа DATABASE_EXPORT/SCHEMA/VIEW/GRANT/CROSS_SCHEMA/OBJECT_GRANT
Обрабатывается объект типа DATABASE_EXPORT/SCHEMA/VIEW/COMMENT
Обрабатывается объект типа DATABASE_EXPORT/SCHEMA/TABLE/CONSTRAINT/REF_CONSTRAINT
Обрабатывается объект типа DATABASE_EXPORT/SCHEMA/PACKAGE_BODIES/PACKAGE/PACKAGE_BODY
Обрабатывается объект типа DATABASE_EXPORT/SCHEMA/TYPE/TYPE_BODY
Обрабатывается объект типа DATABASE_EXPORT/SCHEMA/TABLE/INDEX/FUNCTIONAL_AND_BITMAP/INDEX
Обрабатывается объект типа DATABASE_EXPORT/SCHEMA/TABLE/INDEX/STATISTICS/FUNCTIONAL_AND_BITMAP/INDEX_STATISTICS
Обрабатывается объект типа DATABASE_EXPORT/SCHEMA/TABLE/STATISTICS/TABLE_STATISTICS
Обрабатывается объект типа DATABASE_EXPORT/SCHEMA/TABLE/POST_TABLE_ACTION
Обрабатывается объект типа DATABASE_EXPORT/SCHEMA/TABLE/TRIGGER
Обрабатывается объект типа DATABASE_EXPORT/SCHEMA/VIEW/TRIGGER
Обрабатывается объект типа DATABASE_EXPORT/SCHEMA/TABLE/POST_INSTANCE/PROCACT_INSTANCE
Обрабатывается объект типа DATABASE_EXPORT/SCHEMA/TABLE/POST_INSTANCE/PROCDEPOBJ
Обрабатывается объект типа DATABASE_EXPORT/SCHEMA/POST_SCHEMA/PROCOBJ
Обрабатывается объект типа DATABASE_EXPORT/SCHEMA/POST_SCHEMA/PROCACT_SCHEMA
. . экспортировано "SYSMAN"."MGMT_JOB_CRED_PARAMS"             11.69 KB      18 строк
. . экспортировано "SYSMAN"."MGMT_JOB_PROP_PARAMS"             8.820 KB      12 строк
. . экспортировано "SYSMAN"."MGMT_JOB_STEP_PARAMS"             127.3 KB    1128 строк
. . экспортировано "SYSMAN"."MGMT_JOB_SEC_INFO"                8.046 KB       4 строк
. . экспортировано "SYSMAN"."MGMT_JOB_USER_PARAMS"             6.210 KB       1 строк
. . экспортировано "SYSMAN"."MGMT_SEC_INFO"                    5.851 KB       1 строк
. . экспортировано "SOLID"."SYSTEM_USERS"                      16.72 KB       2 строк
. . экспортировано "SYSMAN"."MGMT_ARU_PRODUCT_RELEASE_MAP"     39.28 KB    2621 строк
. . экспортировано "SYSMAN"."MGMT_ECM_SNAPSHOT_MD_COLUMNS"     49.35 KB     508 строк
. . экспортировано "SYSMAN"."MGMT_JOB_EXECPLAN"                45.92 KB     366 строк
. . экспортировано "SYSMAN"."MGMT_JOB_PARAM_SOURCE"            28.59 KB     140 строк
. . экспортировано "SYSMAN"."MGMT_JOB_SQL_PARAMS"              6.296 KB       3 строк
. . экспортировано "SYSMAN"."MGMT_JOB_SUBST_PARAMS"            5.664 KB       3 строк
. . экспортировано "SYSMAN"."PARAM_VALUES_TAB"                 9.664 KB      44 строк
. . экспортировано "OLAPSYS"."CWM$CLASSIFICATION"              12.40 KB      41 строк
. . экспортировано "OLAPSYS"."CWM$CLASSIFICATIONENTRY"         12.13 KB       5 строк
. . экспортировано "OLAPSYS"."CWM$CLASSIFICATIONTYPE"          11.03 KB      15 строк
. . экспортировано "OLAPSYS"."CWM$DOMAIN"                      13.10 KB      21 строк
. . экспортировано "OLAPSYS"."CWM$FUNCTION"                    11.15 KB      14 строк
. . экспортировано "OLAPSYS"."CWM$MODEL"                       10.86 KB       2 строк
. . экспортировано "OLAPSYS"."CWM$OBJECTTYPE"                  11.11 KB      15 строк
. . экспортировано "OLAPSYS"."CWM$PARAMETER"                   16.10 KB       5 строк
. . экспортировано "OLAPSYS"."CWM$PROJECT"                     9.484 KB       3 строк
. . экспортировано "OLAPSYS"."CWM2$AWCUBELOADPARM"             5.875 KB       1 строк
. . экспортировано "OLAPSYS"."CWM2$AWCUBELOADTYPE"             5.640 KB       2 строк
. . экспортировано "OLAPSYS"."CWM2$AWDIMLOADPARM"              5.960 KB       4 строк
. . экспортировано "OLAPSYS"."CWM2$AWDIMLOADTYPE"              5.656 KB       2 строк
. . экспортировано "OLAPSYS"."CWM2$MRALL_DESCRIPTORS"          6.710 KB      41 строк
. . экспортировано "SCOTT"."DEPT"                              5.656 KB       4 строк
. . экспортировано "SCOTT"."EMP"                               7.820 KB      14 строк
. . экспортировано "SCOTT"."SALGRADE"                          5.585 KB       5 строк
. . экспортировано "SOLID"."EXTERNAL_LINK"                     6.375 KB       4 строк
. . экспортировано "SOLID"."MESSAGE"                           6.898 KB       2 строк
. . экспортировано "SOLID"."MODEL_TYPE"                        5.351 KB       4 строк
. . экспортировано "SOLID"."USER_MODEL"                        6.554 KB       6 строк
. . экспортировано "SOLID"."USER_MODEL_TREE"                   7.054 KB       8 строк
. . экспортировано "SYSMAN"."AQ$_MGMT_NOTIFY_QTABLE_S"         7.726 KB       1 строк
. . экспортировано "SYSMAN"."MGMT_ADMIN_LICENSES"                  5 KB       5 строк
. . экспортировано "SYSMAN"."MGMT_ARU_FAMILY_PRODUCT_MAP"      12.41 KB     579 строк
. . экспортировано "SYSMAN"."MGMT_ARU_LANGUAGES"               5.921 KB      37 строк
. . экспортировано "SYSMAN"."MGMT_ARU_OUI_COMPONENTS"          18.12 KB     319 строк
. . экспортировано "SYSMAN"."MGMT_ARU_PLATFORMS"               7.968 KB      49 строк
. . экспортировано "SYSMAN"."MGMT_ARU_PRODUCTS"                24.64 KB     524 строк
. . экспортировано "SYSMAN"."MGMT_ARU_RELEASES"                9.796 KB     301 строк
. . экспортировано "SYSMAN"."MGMT_AVAILABILITY"                6.226 KB       1 строк
. . экспортировано "SYSMAN"."MGMT_AVAILABILITY_MARKER"         5.593 KB       1 строк
. . экспортировано "SYSMAN"."MGMT_BLACKOUT_PROXY_TARGETS"      4.960 KB       1 строк
. . экспортировано "SYSMAN"."MGMT_BLACKOUT_REASON"             5.265 KB       1 строк
. . экспортировано "SYSMAN"."MGMT_CREATED_USERS"               5.695 KB       4 строк
. . экспортировано "SYSMAN"."MGMT_CURRENT_AVAILABILITY"        5.914 KB       1 строк
. . экспортировано "SYSMAN"."MGMT_ECM_ARU_MAP"                 7.304 KB      22 строк
. . экспортировано "SYSMAN"."MGMT_ECM_RESOURCES"               6.523 KB      14 строк
. . экспортировано "SYSMAN"."MGMT_ECM_SNAPSHOT_MD_TABLES"      12.43 KB      78 строк
. . экспортировано "SYSMAN"."MGMT_ECM_SNAPSHOT_METADATA"       12.79 KB      36 строк
. . экспортировано "SYSMAN"."MGMT_EMCRYPTO_SEED"               4.960 KB       1 строк
. . экспортировано "SYSMAN"."MGMT_FAILOVER_CALLBACKS"          5.015 KB       2 строк
. . экспортировано "SYSMAN"."MGMT_JOB_COMMAND"                 7.648 KB      30 строк
. . экспортировано "SYSMAN"."MGMT_JOB_EVENT"                   5.289 KB       1 строк
. . экспортировано "SYSMAN"."MGMT_JOB_NESTED_JOB_TARGETS"      6.320 KB       4 строк
. . экспортировано "SYSMAN"."MGMT_JOB_PURGE_POLICIES"          5.265 KB       1 строк
. . экспортировано "SYSMAN"."MGMT_JOB_SINGLE_TARGET_TYPES"     5.429 KB       7 строк
. . экспортировано "SYSMAN"."MGMT_JOB_TYPE_DISPLAY_INFO"       7.085 KB      31 строк
. . экспортировано "SYSMAN"."MGMT_JOB_TYPE_DISPLAY_PARAM"      10.73 KB     172 строк
. . экспортировано "SYSMAN"."MGMT_JOB_TYPE_INFO"               9.523 KB      53 строк
. . экспортировано "SYSMAN"."MGMT_JOB_TYPE_URI_INFO"           9.234 KB      61 строк
. . экспортировано "SYSMAN"."MGMT_JOB_VALUE_PARAMS"            6.828 KB      23 строк
. . экспортировано "SYSMAN"."MGMT_LICENSABLE_TARGET_TYPES"     5.570 KB      11 строк
. . экспортировано "SYSMAN"."MGMT_LICENSE_DEFINITIONS"         7.015 KB       5 строк
. . экспортировано "SYSMAN"."MGMT_LOGIN_ASSISTANTS"            5.765 KB       2 строк
. . экспортировано "SYSMAN"."MGMT_MASTER_CHANGED_CALLBACK"     5.617 KB       1 строк
. . экспортировано "SYSMAN"."MGMT_METRIC_COLLECTIONS"          8.468 KB       9 строк
. . экспортировано "SYSMAN"."MGMT_METRIC_COLLECTIONS_REP"      6.078 KB       9 строк
. . экспортировано "SYSMAN"."MGMT_METRIC_DEPENDENCY_DEF"           7 KB      13 строк
. . экспортировано "SYSMAN"."MGMT_METRICS"                     37.24 KB     134 строк
. . экспортировано "SYSMAN"."MGMT_METRICS_EXT"                 9.179 KB      20 строк
. . экспортировано "SYSMAN"."MGMT_METRIC_THRESHOLDS"           10.28 KB      12 строк
. . экспортировано "SYSMAN"."MGMT_NOTIFY_PROFILES"              6.25 KB       3 строк
. . экспортировано "SYSMAN"."MGMT_NOTIFY_QUEUES"               5.531 KB      24 строк
. . экспортировано "SYSMAN"."MGMT_NOTIFY_RULE_CONFIGS"         10.14 KB      30 строк
. . экспортировано "SYSMAN"."MGMT_NOTIFY_RULES"                12.72 KB       6 строк
. . экспортировано "SYSMAN"."MGMT_PARAMETERS"                  6.406 KB       6 строк
. . экспортировано "SYSMAN"."MGMT_PERFORMANCE_NAMES"           7.960 KB      43 строк
. . экспортировано "SYSMAN"."MGMT_POLICY_GROUP"                7.828 KB       1 строк
. . экспортировано "SYSMAN"."MGMT_POLICY_RULE"                 23.64 KB      25 строк
. . экспортировано "SYSMAN"."MGMT_POLICY_RULE_CRITERIA"        6.218 KB       1 строк
. . экспортировано "SYSMAN"."MGMT_POLICY_RULE_DEF_COLUMNS"     8.632 KB      25 строк
. . экспортировано "SYSMAN"."MGMT_POLICY_SNAPSHOT_CRITERIA"    6.007 KB       9 строк
. . экспортировано "SYSMAN"."MGMT_POLICY_TARGET_CRITERIA"      6.203 KB       1 строк
. . экспортировано "SYSMAN"."MGMT_PRIV_GRANTS"                 6.921 KB       8 строк
. . экспортировано "SYSMAN"."MGMT_PRIV_INCLUDES"               5.609 KB      12 строк
. . экспортировано "SYSMAN"."MGMT_PRIVS"                       7.539 KB      19 строк
. . экспортировано "SYSMAN"."MGMT_PURGE_POLICY"                9.203 KB      12 строк
. . экспортировано "SYSMAN"."MGMT_PURGE_POLICY_GROUP"          5.867 KB       7 строк
. . экспортировано "SYSMAN"."MGMT_PURGE_POLICY_TARGET_STATE"   6.859 KB      12 строк
. . экспортировано "SYSMAN"."MGMT_REBUILD_INDEXES"             5.585 KB       1 строк
. . экспортировано "SYSMAN"."MGMT_ROLE_GRANTS"                 5.960 KB       1 строк
. . экспортировано "SYSMAN"."MGMT_ROLES"                        5.25 KB       1 строк
. . экспортировано "SYSMAN"."MGMT_SYSTEM_PERFORMANCE_LOG"      7.765 KB       1 строк
. . экспортировано "SYSMAN"."MGMT_TARGET_ADD_CALLBACKS"        5.304 KB       1 строк
. . экспортировано "SYSMAN"."MGMT_TARGET_DELETE_CALLBACKS"     5.234 KB       7 строк
. . экспортировано "SYSMAN"."MGMT_TARGET_DELETE_EXCEPTIONS"    5.148 KB       8 строк
. . экспортировано "SYSMAN"."MGMT_TARGET_ROLLUP_TIMES"         6.632 KB      22 строк
. . экспортировано "SYSMAN"."MGMT_TARGETS"                     12.96 KB       1 строк
. . экспортировано "SYSMAN"."MGMT_TARGET_TYPE_COMPONENT_MAP"   6.046 KB       4 строк
. . экспортировано "SYSMAN"."MGMT_TARGET_TYPES"                7.507 KB      23 строк
. . экспортировано "SYSMAN"."MGMT_TYPE_PROPERTIES"             6.523 KB      26 строк
. . экспортировано "SYSMAN"."MGMT_USER_CALLBACKS"              5.382 KB       4 строк
. . экспортировано "SYSMAN"."MGMT_USER_CONTEXT"                5.609 KB       4 строк
. . экспортировано "SYSMAN"."MGMT_USER_FOLDERS"                6.343 KB      18 строк
. . экспортировано "SYSMAN"."MGMT_USER_TYPE_METRIC_PREFS"      6.171 KB       7 строк
. . экспортировано "SYSMAN"."MGMT_VERSIONS"                    6.242 KB       2 строк
. . экспортировано "SYSMAN"."MGMT_VIEW_USER_CREDENTIALS"       5.328 KB       1 строк
. . экспортировано "SYSTEM"."REPCAT$_AUDIT_ATTRIBUTE"          5.953 KB       2 строк
. . экспортировано "SYSTEM"."REPCAT$_OBJECT_TYPES"             6.507 KB      28 строк
. . экспортировано "SYSTEM"."REPCAT$_RESOLUTION_METHOD"        5.648 KB      19 строк
. . экспортировано "SYSTEM"."REPCAT$_TEMPLATE_STATUS"          5.296 KB       3 строк
. . экспортировано "SYSTEM"."REPCAT$_TEMPLATE_TYPES"           5.914 KB       2 строк
. . экспортировано "OLAPSYS"."CWM$ARGUMENT"                        0 KB       0 строк
. . экспортировано "OLAPSYS"."CWM$CUBE"                            0 KB       0 строк
. . экспортировано "OLAPSYS"."CWM$CUBEDIMENSIONUSE"                0 KB       0 строк
. . экспортировано "OLAPSYS"."CWM$DIMENSION"                       0 KB       0 строк
. . экспортировано "OLAPSYS"."CWM$DIMENSIONATTRIBUTE"              0 KB       0 строк
. . экспортировано "OLAPSYS"."CWM$FACTLEVELGROUP"                  0 KB       0 строк
. . экспортировано "OLAPSYS"."CWM$FACTLEVELUSE"                    0 KB       0 строк
. . экспортировано "OLAPSYS"."CWM$FACTTABLEMAP"                    0 KB       0 строк
. . экспортировано "OLAPSYS"."CWM$FACTUSE"                         0 KB       0 строк
. . экспортировано "OLAPSYS"."CWM$FUNCTIONUSE"                     0 KB       0 строк
. . экспортировано "OLAPSYS"."CWM$HIERARCHY"                       0 KB       0 строк
. . экспортировано "OLAPSYS"."CWM$ITEMMAP"                         0 KB       0 строк
. . экспортировано "OLAPSYS"."CWM$ITEMUSE"                         0 KB       0 строк
. . экспортировано "OLAPSYS"."CWM$LEVEL"                           0 KB       0 строк
. . экспортировано "OLAPSYS"."CWM$LEVELATTRIBUTE"                  0 KB       0 строк
. . экспортировано "OLAPSYS"."CWM$MEASURE"                         0 KB       0 строк
. . экспортировано "OLAPSYS"."CWM$MEASUREDIMENSIONUSE"             0 KB       0 строк
. . экспортировано "OLAPSYS"."CWM2$AWCOMPOSITESPEC"                0 KB       0 строк
. . экспортировано "OLAPSYS"."CWM2$AWCOMPSPECMEMBERSHIP"           0 KB       0 строк
. . экспортировано "OLAPSYS"."CWM2$AWCUBEAGG"                      0 KB       0 строк
. . экспортировано "OLAPSYS"."CWM2$AWCUBEAGGLEVEL"                 0 KB       0 строк
. . экспортировано "OLAPSYS"."CWM2$AWCUBEAGGMEASURE"               0 KB       0 строк
. . экспортировано "OLAPSYS"."CWM2$AWCUBECOMPPLAN"                 0 KB       0 строк
. . экспортировано "OLAPSYS"."CWM2$AWCUBELOAD"                     0 KB       0 строк
. . экспортировано "OLAPSYS"."CWM2$AWCUBELOADAGGPLAN"              0 KB       0 строк
. . экспортировано "OLAPSYS"."CWM2$AWCUBELOADFILTER"               0 KB       0 строк
. . экспортировано "OLAPSYS"."CWM2$AWCUBELOADMEASURE"              0 KB       0 строк
. . экспортировано "OLAPSYS"."CWM2$AWCUBELOADPARMVALUE"            0 KB       0 строк
. . экспортировано "OLAPSYS"."CWM2$AW_DIMENSIONMAP"                0 KB       0 строк
. . экспортировано "OLAPSYS"."CWM2$AWDIMLOAD"                      0 KB       0 строк
. . экспортировано "OLAPSYS"."CWM2$AWDIMLOADFILTER"                0 KB       0 строк
. . экспортировано "OLAPSYS"."CWM2$AWDIMLOADPARMVALUE"             0 KB       0 строк
. . экспортировано "OLAPSYS"."CWM2$AW_MEASUREMAP"                  0 KB       0 строк
. . экспортировано "OLAPSYS"."CWM2$_AW_NEXT_PERM_CUST_MEAS"        0 KB       0 строк
. . экспортировано "OLAPSYS"."CWM2$_AW_PERM_CUST_MEAS_MAP"         0 KB       0 строк
. . экспортировано "OLAPSYS"."CWM2$AWVIEWCOLS"                     0 KB       0 строк
. . экспортировано "OLAPSYS"."CWM2$AWVIEWS"                        0 KB       0 строк
. . экспортировано "OLAPSYS"."CWM2$CLASSIFICATIONVALUEPAIR"        0 KB       0 строк
. . экспортировано "OLAPSYS"."CWM2$CUBE"                           0 KB       0 строк
. . экспортировано "OLAPSYS"."CWM2$CUBEDIMENSIONUSE"               0 KB       0 строк
. . экспортировано "OLAPSYS"."CWM2$DIMENSION"                      0 KB       0 строк
. . экспортировано "OLAPSYS"."CWM2$DIMENSIONATTRIBUTE"             0 KB       0 строк
. . экспортировано "OLAPSYS"."CWM2$DIMHIERLVLMAP"                  0 KB       0 строк
. . экспортировано "OLAPSYS"."CWM2$FACTDIMHIERMAP"                 0 KB       0 строк
. . экспортировано "OLAPSYS"."CWM2$FACTDIMHIERTPLSDTL"             0 KB       0 строк
. . экспортировано "OLAPSYS"."CWM2$FACTKEYDIMHIERLVLMAP"           0 KB       0 строк
. . экспортировано "OLAPSYS"."CWM2$FACTKEYDIMHIERMAP"              0 KB       0 строк
. . экспортировано "OLAPSYS"."CWM2$HIERARCHY"                      0 KB       0 строк
. . экспортировано "OLAPSYS"."CWM2$HIERCUSTOMSORT"                 0 KB       0 строк
. . экспортировано "OLAPSYS"."CWM2$HIERLEVELREL"                   0 KB       0 строк
. . экспортировано "OLAPSYS"."CWM2$LEVEL"                          0 KB       0 строк
. . экспортировано "OLAPSYS"."CWM2$LEVELATTRIBUTE"                 0 KB       0 строк
. . экспортировано "OLAPSYS"."CWM2$LEVELATTRIBUTEMAP"              0 KB       0 строк
. . экспортировано "OLAPSYS"."CWM2$MEASURE"                        0 KB       0 строк
. . экспортировано "OLAPSYS"."CWM2$MEASURETABLEMAP"                0 KB       0 строк
. . экспортировано "OLAPSYS"."CWM2$MRALL_AWVIEWCOLS"               0 KB       0 строк
. . экспортировано "OLAPSYS"."CWM2$MRALL_AWVIEWS"                  0 KB       0 строк
. . экспортировано "OLAPSYS"."CWM2$MRALL_CATALOG_ENTITY_USES"      0 KB       0 строк
. . экспортировано "OLAPSYS"."CWM2$MRALL_CATALOGS"                 0 KB       0 строк
. . экспортировано "OLAPSYS"."CWM2$MRALL_CUBE_MEASURES"            0 KB       0 строк
. . экспортировано "OLAPSYS"."CWM2$MRALL_CWM1_AGGOP"               0 KB       0 строк
. . экспортировано "OLAPSYS"."CWM2$MRALL_CWM1_AGGORD"              0 KB       0 строк
. . экспортировано "OLAPSYS"."CWM2$MRALL_DIM_ATTRIBUTES"           0 KB       0 строк
. . экспортировано "OLAPSYS"."CWM2$MRALL_DIM_HIER_LEVEL_USES"      0 KB       0 строк
. . экспортировано "OLAPSYS"."CWM2$MRALL_DIM_HIERS"                0 KB       0 строк
. . экспортировано "OLAPSYS"."CWM2$MRALL_DIM_LEVEL_ATTR_MAPS"      0 KB       0 строк
. . экспортировано "OLAPSYS"."CWM2$MRALL_ENTITY_DESC_USES"         0 KB       0 строк
. . экспортировано "OLAPSYS"."CWM2$MRALL_ENTITY_EXT_PARMS"         0 KB       0 строк
. . экспортировано "OLAPSYS"."CWM2$MRALL_ENTITY_PARAMETERS"        0 KB       0 строк
. . экспортировано "OLAPSYS"."CWM2$MRALL_FACTTBLFCTMAPS"           0 KB       0 строк
. . экспортировано "OLAPSYS"."CWM2$MRALL_FACTTBLKEYMAPS"           0 KB       0 строк
. . экспортировано "OLAPSYS"."CWM2$MRALL_HIER_CUSTOM_SORT"         0 KB       0 строк
. . экспортировано "OLAPSYS"."CWM2$MRALL_HIERDIM_KEYCOL_MAP"       0 KB       0 строк
. . экспортировано "OLAPSYS"."CWM2$MRALL_HIERDIMS"                 0 KB       0 строк
. . экспортировано "OLAPSYS"."CWM2$MRALL_JOIN_KEY_COL_USES"        0 KB       0 строк
. . экспортировано "OLAPSYS"."CWM2$MRALL_LISTDIMS"                 0 KB       0 строк
. . экспортировано "OLAPSYS"."CWM2$MRALL_OLAP2_AGG_USES"           0 KB       0 строк
. . экспортировано "OLAPSYS"."CWM2$MRFACTTBLFCTMAPS"               0 KB       0 строк
. . экспортировано "OLAPSYS"."CWM2$MRFACTTBLKEYMAPS"               0 KB       0 строк
. . экспортировано "OLAPSYS"."CWM2$STOREDDIMLVLTPLS"               0 KB       0 строк
. . экспортировано "OLAPSYS"."CWM2$STOREDDIMLVLTPLSDTL"            0 KB       0 строк
. . экспортировано "OLAPSYS"."MRAC_OLAP2_AW_ATTRIBUTES_T"          0 KB       0 строк
. . экспортировано "OLAPSYS"."MRAC_OLAP2_AW_CUBE_AGG_LVL_T"        0 KB       0 строк
. . экспортировано "OLAPSYS"."MRAC_OLAP2_AW_CUBE_AGG_MEAS_T"       0 KB       0 строк
. . экспортировано "OLAPSYS"."MRAC_OLAP2_AW_CUBE_AGG_OP_T"         0 KB       0 строк
. . экспортировано "OLAPSYS"."MRAC_OLAP2_AW_CUBE_AGG_SPECS_T"      0 KB       0 строк
. . экспортировано "OLAPSYS"."MRAC_OLAP2_AW_CUBE_DIM_USES_T"       0 KB       0 строк
. . экспортировано "OLAPSYS"."MRAC_OLAP2_AW_CUBE_MEASURES_T"       0 KB       0 строк
. . экспортировано "OLAPSYS"."MRAC_OLAP2_AW_CUBES_T"               0 KB       0 строк
. . экспортировано "OLAPSYS"."MRAC_OLAP2_AW_DIMENSIONS_T"          0 KB       0 строк
. . экспортировано "OLAPSYS"."MRAC_OLAP2_AW_DIM_LEVELS_T"          0 KB       0 строк
. . экспортировано "OLAPSYS"."MRAC_OLAP2_AW_HIER_LVL_ORD_T"        0 KB       0 строк
. . экспортировано "OLAPSYS"."MRAC_OLAP2_AW_MAP_ATTR_USE_T"        0 KB       0 строк
. . экспортировано "OLAPSYS"."MRAC_OLAP2_AW_MAP_DIM_USE_T"         0 KB       0 строк
. . экспортировано "OLAPSYS"."MRAC_OLAP2_AW_MAP_MEAS_USE_T"        0 KB       0 строк
. . экспортировано "OLAPSYS"."MRAC_OLAP2_AW_PHYS_OBJ_PROP_T"       0 KB       0 строк
. . экспортировано "OLAPSYS"."MRAC_OLAP2_AW_PHYS_OBJ_T"            0 KB       0 строк
. . экспортировано "OLAPSYS"."MRAC_OLAP2_AWS_T"                    0 KB       0 строк
. . экспортировано "OLAPSYS"."XML_LOAD_LOG"                        0 KB       0 строк
. . экспортировано "OLAPSYS"."XML_LOAD_RECORDS"                    0 KB       0 строк
. . экспортировано "OUTLN"."OL$"                                   0 KB       0 строк
. . экспортировано "OUTLN"."OL$HINTS"                              0 KB       0 строк
. . экспортировано "OUTLN"."OL$NODES"                              0 KB       0 строк
. . экспортировано "SCOTT"."BONUS"                                 0 KB       0 строк
. . экспортировано "SYSMAN"."AQ$_MGMT_NOTIFY_QTABLE_G"             0 KB       0 строк
. . экспортировано "SYSMAN"."AQ$_MGMT_NOTIFY_QTABLE_H"             0 KB       0 строк
. . экспортировано "SYSMAN"."AQ$_MGMT_NOTIFY_QTABLE_I"             0 KB       0 строк
. . экспортировано "SYSMAN"."AQ$_MGMT_NOTIFY_QTABLE_T"             0 KB       0 строк
. . экспортировано "SYSMAN"."EM_IPW_INFO"                          0 KB       0 строк
. . экспортировано "SYSMAN"."ESM_COLLECTION"                       0 KB       0 строк
. . экспортировано "SYSMAN"."MGMT_ADMIN_METRIC_THRESHOLDS"         0 KB       0 строк
. . экспортировано "SYSMAN"."MGMT_AGENT_SEC_INFO"                  0 KB       0 строк
. . экспортировано "SYSMAN"."MGMT_ANNOTATION"                      0 KB       0 строк
. . экспортировано "SYSMAN"."MGMT_ARU_CREDENTIALS"                 0 KB       0 строк
. . экспортировано "SYSMAN"."MGMT_BACKUP_CONFIGURATION"            0 KB       0 строк
. . экспортировано "SYSMAN"."MGMT_BCN_AVAIL_DEF"                   0 KB       0 строк
. . экспортировано "SYSMAN"."MGMT_BCN_AVAIL_JOB"                   0 KB       0 строк
. . экспортировано "SYSMAN"."MGMT_BCN_AVAIL_LOG"                   0 KB       0 строк
. . экспортировано "SYSMAN"."MGMT_BCN_TARGET"                      0 KB       0 строк
. . экспортировано "SYSMAN"."MGMT_BCN_TARGET_LOCK"                 0 KB       0 строк
. . экспортировано "SYSMAN"."MGMT_BCN_TARGET_TXN"                  0 KB       0 строк
. . экспортировано "SYSMAN"."MGMT_BCN_TXN_DEFN"                    0 KB       0 строк
. . экспортировано "SYSMAN"."MGMT_BCN_TXN_HTTP"                    0 KB       0 строк
. . экспортировано "SYSMAN"."MGMT_BCN_TXN_HTTP_PARAM"              0 KB       0 строк
. . экспортировано "SYSMAN"."MGMT_BCN_TXN_PING"                    0 KB       0 строк
. . экспортировано "SYSMAN"."MGMT_BLACKOUT_FLAT_TARGETS"           0 KB       0 строк
. . экспортировано "SYSMAN"."MGMT_BLACKOUT_HISTORY"                0 KB       0 строк
. . экспортировано "SYSMAN"."MGMT_BLACKOUTS"                       0 KB       0 строк
. . экспортировано "SYSMAN"."MGMT_BLACKOUT_SCHEDULE"               0 KB       0 строк
. . экспортировано "SYSMAN"."MGMT_BLACKOUT_STATE"                  0 KB       0 строк
. . экспортировано "SYSMAN"."MGMT_BLACKOUT_TARGET_DETAILS"         0 KB       0 строк
. . экспортировано "SYSMAN"."MGMT_BLACKOUT_WINDOWS"                0 KB       0 строк
. . экспортировано "SYSMAN"."MGMT_BUG_ADV_HOME_PATCH"              0 KB       0 строк
. . экспортировано "SYSMAN"."MGMT_BUG_ADVISORY"                    0 KB       0 строк
. . экспортировано "SYSMAN"."MGMT_BUG_ADVISORY_BUG"                0 KB       0 строк
. . экспортировано "SYSMAN"."MGMT_BUG_AVAILABLE_PATCH"             0 KB       0 строк
. . экспортировано "SYSMAN"."MGMT_BUG_FIX_APPLICABLE_COMP"         0 KB       0 строк
. . экспортировано "SYSMAN"."MGMT_BUG_FIX_APPLIC_COMP_LIST"        0 KB       0 строк
. . экспортировано "SYSMAN"."MGMT_BUG_PATCH_FIXES_BUG"             0 KB       0 строк
. . экспортировано "SYSMAN"."MGMT_BUG_PATCH_PLATFORM"              0 KB       0 строк
. . экспортировано "SYSMAN"."MGMT_CHANGE_AGENT_URL"                0 KB       0 строк
. . экспортировано "SYSMAN"."MGMT_COLLECTION_CREDENTIALS"          0 KB       0 строк
. . экспортировано "SYSMAN"."MGMT_COLLECTION_PROPERTIES"           0 KB       0 строк
. . экспортировано "SYSMAN"."MGMT_COMP_RESULT_TO_JOB_MAP"          0 KB       0 строк
. . экспортировано "SYSMAN"."MGMT_COMP_TARGET_DEF"                 0 KB       0 строк
. . экспортировано "SYSMAN"."MGMT_CONTAINER_CREDENTIALS"           0 KB       0 строк
. . экспортировано "SYSMAN"."MGMT_CREDENTIALS"                     0 KB       0 строк
. . экспортировано "SYSMAN"."MGMT_CREDENTIAL_SET_COLUMNS"          0 KB       0 строк
. . экспортировано "SYSMAN"."MGMT_CREDENTIAL_SETS"                 0 KB       0 строк
. . экспортировано "SYSMAN"."MGMT_CREDENTIALS2"                    0 KB       0 строк
. . экспортировано "SYSMAN"."MGMT_CREDENTIAL_TYPE_COLUMNS"         0 KB       0 строк
. . экспортировано "SYSMAN"."MGMT_CREDENTIAL_TYPE_COL_VALS"        0 KB       0 строк
. . экспортировано "SYSMAN"."MGMT_CREDENTIAL_TYPE_REF"             0 KB       0 строк
. . экспортировано "SYSMAN"."MGMT_CREDENTIAL_TYPES"                0 KB       0 строк
. . экспортировано "SYSMAN"."MGMT_CURRENT_METRIC_ERRORS"           0 KB       0 строк
. . экспортировано "SYSMAN"."MGMT_CURRENT_METRICS"                 0 KB       0 строк
. . экспортировано "SYSMAN"."MGMT_CURRENT_SEVERITY"                0 KB       0 строк
. . экспортировано "SYSMAN"."MGMT_DB_CONTROLFILES_ECM"             0 KB       0 строк
. . экспортировано "SYSMAN"."MGMT_DB_DATAFILES_ECM"                0 KB       0 строк
. . экспортировано "SYSMAN"."MGMT_DB_DBNINSTANCEINFO_ECM"          0 KB       0 строк
. . экспортировано "SYSMAN"."MGMT_DB_FEATUREUSAGE"                 0 KB       0 строк
. . экспортировано "SYSMAN"."MGMT_DB_HDM_METRIC_HELPER"            0 KB       0 строк
. . экспортировано "SYSMAN"."MGMT_DB_INIT_PARAMS_ECM"              0 KB       0 строк
. . экспортировано "SYSMAN"."MGMT_DB_INVOBJS_ECM"                  0 KB       0 строк
. . экспортировано "SYSMAN"."MGMT_DB_LATEST_HDM_FINDINGS"          0 KB       0 строк
. . экспортировано "SYSMAN"."MGMT_DB_LICENSE_ECM"                  0 KB       0 строк
. . экспортировано "SYSMAN"."MGMT_DBNET_TNS_ADMINS"                0 KB       0 строк
. . экспортировано "SYSMAN"."MGMT_DB_RECSEGMENTSETTINGS_ECM"       0 KB       0 строк
. . экспортировано "SYSMAN"."MGMT_DB_RECTSSETTINGS_ECM"            0 KB       0 строк
. . экспортировано "SYSMAN"."MGMT_DB_RECUSERSETTINGS_ECM"          0 KB       0 строк
. . экспортировано "SYSMAN"."MGMT_DB_REDOLOGS_ECM"                 0 KB       0 строк
. . экспортировано "SYSMAN"."MGMT_DB_ROLLBACK_SEGS_ECM"            0 KB       0 строк
. . экспортировано "SYSMAN"."MGMT_DB_SGA_ECM"                      0 KB       0 строк
. . экспортировано "SYSMAN"."MGMT_DB_TABLESPACES_ECM"              0 KB       0 строк
. . экспортировано "SYSMAN"."MGMT_DELTA_COMPARISON_DELTAS"         0 KB       0 строк
. . экспортировано "SYSMAN"."MGMT_DELTA_COMP_DELTA_DETAILS"        0 KB       0 строк
. . экспортировано "SYSMAN"."MGMT_DELTA_COMP_KEY_COLS"             0 KB       0 строк
. . экспортировано "SYSMAN"."MGMT_DELTA_COMP_PROPERTIES"           0 KB       0 строк
. . экспортировано "SYSMAN"."MGMT_DELTA_COMP_SUMMARIES"            0 KB       0 строк
. . экспортировано "SYSMAN"."MGMT_DELTA_SUMMARY_ERRORS"            0 KB       0 строк
. . экспортировано "SYSMAN"."MGMT_DELTA_ENTRY"                     0 KB       0 строк
. . экспортировано "SYSMAN"."MGMT_DELTA_ENTRY_VALUES"              0 KB       0 строк
. . экспортировано "SYSMAN"."MGMT_DELTA_IDS"                       0 KB       0 строк
. . экспортировано "SYSMAN"."MGMT_DELTA_ID_VALUES"                 0 KB       0 строк
. . экспортировано "SYSMAN"."MGMT_DELTA_SAVED_COMPARISON"          0 KB       0 строк
. . экспортировано "SYSMAN"."MGMT_DELTA_SNAP"                      0 KB       0 строк
. . экспортировано "SYSMAN"."MGMT_DIROBJ_USERS_HOTLIST"            0 KB       0 строк
. . экспортировано "SYSMAN"."MGMT_DUPLICATE_TARGETS"               0 KB       0 строк
. . экспортировано "SYSMAN"."MGMT_ECM_CSA"                         0 KB       0 строк
. . экспортировано "SYSMAN"."MGMT_ECM_CSA_COOKIES"                 0 KB       0 строк
. . экспортировано "SYSMAN"."MGMT_ECM_CSA_CUSTOM"                  0 KB       0 строк
. . экспортировано "SYSMAN"."MGMT_ECM_CSA_GENERAL_INFO"            0 KB       0 строк
. . экспортировано "SYSMAN"."MGMT_ECM_CSA_SNAPSHOT_INFO"           0 KB       0 строк
. . экспортировано "SYSMAN"."MGMT_ECM_GEN_SNAPSHOT"                0 KB       0 строк
. . экспортировано "SYSMAN"."MGMT_ECM_HOST_CONFIGS_TO_DEL"         0 KB       0 строк
. . экспортировано "SYSMAN"."MGMT_ECM_HW"                          0 KB       0 строк
. . экспортировано "SYSMAN"."MGMT_ECM_HW_CPU"                      0 KB       0 строк
. . экспортировано "SYSMAN"."MGMT_ECM_HW_IOCARD"                   0 KB       0 строк
. . экспортировано "SYSMAN"."MGMT_ECM_HW_NIC"                      0 KB       0 строк
. . экспортировано "SYSMAN"."MGMT_ECM_LOADED_FILES"                0 KB       0 строк
. . экспортировано "SYSMAN"."MGMT_ECM_OS"                          0 KB       0 строк
. . экспортировано "SYSMAN"."MGMT_ECM_OS_COMPONENT"                0 KB       0 строк
. . экспортировано "SYSMAN"."MGMT_ECM_OS_FILESYSTEM"               0 KB       0 строк
. . экспортировано "SYSMAN"."MGMT_ECM_OS_PROPERTY"                 0 KB       0 строк
. . экспортировано "SYSMAN"."MGMT_ECM_OS_REGISTERED_SW"            0 KB       0 строк
. . экспортировано "SYSMAN"."MGMT_ECM_OS_REGISTERED_SW_COMP"       0 KB       0 строк
. . экспортировано "SYSMAN"."MGMT_ECM_PATCH_CACHE"                 0 KB       0 строк
. . экспортировано "SYSMAN"."MGMT_ECM_SNAP_COMPONENT_INFO"         0 KB       0 строк
. . экспортировано "SYSMAN"."MGMT_ECM_SNAPSHOT"                    0 KB       0 строк
. . экспортировано "SYSMAN"."MGMT_EMD_PING"                        0 KB       0 строк
. . экспортировано "SYSMAN"."MGMT_ENTERPRISE_CREDENTIALS"          0 KB       0 строк
. . экспортировано "SYSMAN"."MGMT_E2E_DETAILS"                     0 KB       0 строк
. . экспортировано "SYSMAN"."MGMT_E2E_DETAILS_1DAY"                0 KB       0 строк
. . экспортировано "SYSMAN"."MGMT_E2E_DETAILS_1HOUR"               0 KB       0 строк
. . экспортировано "SYSMAN"."MGMT_E2E_JDBC"                        0 KB       0 строк
. . экспортировано "SYSMAN"."MGMT_E2E_JDBC_1DAY"                   0 KB       0 строк
. . экспортировано "SYSMAN"."MGMT_E2E_JDBC_1HOUR"                  0 KB       0 строк
. . экспортировано "SYSMAN"."MGMT_E2E_SQL"                         0 KB       0 строк
. . экспортировано "SYSMAN"."MGMT_E2E_SQL_CONN"                    0 KB       0 строк
. . экспортировано "SYSMAN"."MGMT_E2E_SQL_STMT"                    0 KB       0 строк
. . экспортировано "SYSMAN"."MGMT_E2E_SQL_1DAY"                    0 KB       0 строк
. . экспортировано "SYSMAN"."MGMT_E2E_SQL_1HOUR"                   0 KB       0 строк
. . экспортировано "SYSMAN"."MGMT_E2E_SUMMARY"                     0 KB       0 строк
. . экспортировано "SYSMAN"."MGMT_E2E_SUMMARY_1DAY"                0 KB       0 строк
. . экспортировано "SYSMAN"."MGMT_E2E_SUMMARY_1HOUR"               0 KB       0 строк
. . экспортировано "SYSMAN"."MGMT_FAILOVER_TABLE"                  0 KB       0 строк
. . экспортировано "SYSMAN"."MGMT_FLAT_TARGET_MEMBERSHIPS"         0 KB       0 строк
. . экспортировано "SYSMAN"."MGMT_HA_BACKUP"                       0 KB       0 строк
. . экспортировано "SYSMAN"."MGMT_HA_CLS_INTR_CONN"                0 KB       0 строк
. . экспортировано "SYSMAN"."MGMT_HA_FILES_ECM"                    0 KB       0 строк
. . экспортировано "SYSMAN"."MGMT_HA_INFO_ECM"                     0 KB       0 строк
. . экспортировано "SYSMAN"."MGMT_HA_INIT_PARAMS_ECM"              0 KB       0 строк
. . экспортировано "SYSMAN"."MGMT_HA_MTTR"                         0 KB       0 строк
. . экспортировано "SYSMAN"."MGMT_HA_RAC_INTR_CONN"                0 KB       0 строк
. . экспортировано "SYSMAN"."MGMT_HA_RMAN_CONFIG_ECM"              0 KB       0 строк
. . экспортировано "SYSMAN"."MGMT_HC_CPU_DETAILS"                  0 KB       0 строк
. . экспортировано "SYSMAN"."MGMT_HC_FS_MOUNT_DETAILS"             0 KB       0 строк
. . экспортировано "SYSMAN"."MGMT_HC_HARDWARE_MASTER"              0 KB       0 строк
. . экспортировано "SYSMAN"."MGMT_HC_IOCARD_DETAILS"               0 KB       0 строк
. . экспортировано "SYSMAN"."MGMT_HC_NIC_DETAILS"                  0 KB       0 строк
. . экспортировано "SYSMAN"."MGMT_HC_OS_COMPONENTS"                0 KB       0 строк
. . экспортировано "SYSMAN"."MGMT_HC_OS_PROPERTIES"                0 KB       0 строк
. . экспортировано "SYSMAN"."MGMT_HC_OS_SUMMARY"                   0 KB       0 строк
. . экспортировано "SYSMAN"."MGMT_HC_SYSTEM_SUMMARY"               0 KB       0 строк
. . экспортировано "SYSMAN"."MGMT_HC_VENDOR_SW_COMPONENTS"         0 KB       0 строк
. . экспортировано "SYSMAN"."MGMT_HC_VENDOR_SW_SUMMARY"            0 KB       0 строк
. . экспортировано "SYSMAN"."MGMT_HOST_CREDENTIALS"                0 KB       0 строк
. . экспортировано "SYSMAN"."MGMT_INDEX_SIZES"                     0 KB       0 строк
. . экспортировано "SYSMAN"."MGMT_INV_COMPONENT"                   0 KB       0 строк
. . экспортировано "SYSMAN"."MGMT_INV_COMPONENT_PATCH"             0 KB       0 строк
. . экспортировано "SYSMAN"."MGMT_INV_CONTAINER"                   0 KB       0 строк
. . экспортировано "SYSMAN"."MGMT_INV_CONTAINER_PROPERTY"          0 KB       0 строк
. . экспортировано "SYSMAN"."MGMT_INV_DEPENDENCY_RULE"             0 KB       0 строк
. . экспортировано "SYSMAN"."MGMT_INV_FILE"                        0 KB       0 строк
. . экспортировано "SYSMAN"."MGMT_INV_PATCH"                       0 KB       0 строк
. . экспортировано "SYSMAN"."MGMT_INV_PATCHED_FILE"                0 KB       0 строк
. . экспортировано "SYSMAN"."MGMT_INV_PATCHED_FILE_COMP"           0 KB       0 строк
. . экспортировано "SYSMAN"."MGMT_INV_PATCH_FIXED_BUG"             0 KB       0 строк
. . экспортировано "SYSMAN"."MGMT_INV_PATCHSET"                    0 KB       0 строк
. . экспортировано "SYSMAN"."MGMT_INV_VERSIONED_PATCH"             0 KB       0 строк
. . экспортировано "SYSMAN"."MGMT_JOB"                             0 KB       0 строк
. . экспортировано "SYSMAN"."MGMT_JOB_BLACKOUT_ASSOC"              0 KB       0 строк
. . экспортировано "SYSMAN"."MGMT_JOB_CALLBACKS"                   0 KB       0 строк
. . экспортировано "SYSMAN"."MGMT_JOB_CREDENTIALS"                 0 KB       0 строк
. . экспортировано "SYSMAN"."MGMT_JOB_EMD_STATUS_QUEUE"            0 KB       0 строк
. . экспортировано "SYSMAN"."MGMT_JOB_EXEC_EVENT_PARAMS"           0 KB       0 строк
. . экспортировано "SYSMAN"."MGMT_JOB_EXEC_LOCKS"                  0 KB       0 строк
. . экспортировано "SYSMAN"."MGMT_JOB_EXEC_SUMMARY"                0 KB       0 строк
. . экспортировано "SYSMAN"."MGMT_JOB_EXECUTION"                   0 KB       0 строк
. . экспортировано "SYSMAN"."MGMT_JOB_EXT_TARGETS"                 0 KB       0 строк
. . экспортировано "SYSMAN"."MGMT_JOB_FLAT_TARGETS"                0 KB       0 строк
. . экспортировано "SYSMAN"."MGMT_JOB_HISTORY"                     0 KB       0 строк
. . экспортировано "SYSMAN"."MGMT_JOB_LARGE_PARAMS"                0 KB       0 строк
. . экспортировано "SYSMAN"."MGMT_JOB_LOCK_INFO"                   0 KB       0 строк
. . экспортировано "SYSMAN"."MGMT_JOB_LOCK_TARGETS"                0 KB       0 строк
. . экспортировано "SYSMAN"."MGMT_JOB_OUTPUT"                      0 KB       0 строк
. . экспортировано "SYSMAN"."MGMT_JOB_PARAMETER"                   0 KB       0 строк
. . экспортировано "SYSMAN"."MGMT_JOB_PURGE_CRITERIA"              0 KB       0 строк
. . экспортировано "SYSMAN"."MGMT_JOB_PURGE_TARGETS"               0 KB       0 строк
. . экспортировано "SYSMAN"."MGMT_JOB_PURGE_VALUES"                0 KB       0 строк
. . экспортировано "SYSMAN"."MGMT_JOB_QUEUES"                      0 KB       0 строк
. . экспортировано "SYSMAN"."MGMT_JOB_SCHEDULE"                    0 KB       0 строк
. . экспортировано "SYSMAN"."MGMT_JOB_STEP_COMMAND_LOG"            0 KB       0 строк
. . экспортировано "SYSMAN"."MGMT_JOB_STEP_TARGETS"                0 KB       0 строк
. . экспортировано "SYSMAN"."MGMT_JOB_TARGET"                      0 KB       0 строк
. . экспортировано "SYSMAN"."MGMT_LICENSES"                        0 KB       0 строк
. . экспортировано "SYSMAN"."MGMT_LONG_TEXT"                       0 KB       0 строк
. . экспортировано "SYSMAN"."MGMT_MASTER_AGENT"                    0 KB       0 строк
. . экспортировано "SYSMAN"."MGMT_METADATA_SETS"                   0 KB       0 строк
. . экспортировано "SYSMAN"."MGMT_METRIC_DEPENDENCY"               0 KB       0 строк
. . экспортировано "SYSMAN"."MGMT_METRIC_DEPENDENCY_DETAILS"       0 KB       0 строк
. . экспортировано "SYSMAN"."MGMT_METRIC_ERRORS"                   0 KB       0 строк
. . экспортировано "SYSMAN"."MGMT_METRICS_COMPOSITE_KEYS"          0 KB       0 строк
. . экспортировано "SYSMAN"."MGMT_METRICS_RAW"                     0 KB       0 строк
. . экспортировано "SYSMAN"."MGMT_METRICS_1DAY"                    0 KB       0 строк
. . экспортировано "SYSMAN"."MGMT_METRICS_1HOUR"                   0 KB       0 строк
. . экспортировано "SYSMAN"."MGMT_NOTIFICATION_LOG"                0 KB       0 строк
. . экспортировано "SYSMAN"."MGMT_NOTIFY_DEVICE_PARAMS"            0 KB       0 строк
. . экспортировано "SYSMAN"."MGMT_NOTIFY_DEVICES"                  0 KB       0 строк
. . экспортировано "SYSMAN"."MGMT_NOTIFY_DEV_SCHEDULES"            0 KB       0 строк
. . экспортировано "SYSMAN"."MGMT_NOTIFY_EMAIL_GATEWAY"            0 KB       0 строк
. . экспортировано "SYSMAN"."MGMT_NOTIFY_NOTIFYEES"                0 KB       0 строк
. . экспортировано "SYSMAN"."MGMT_NOTIFY_QTABLE"                   0 KB       0 строк
. . экспортировано "SYSMAN"."MGMT_NOTIFY_REQUEUE"                  0 KB       0 строк
. . экспортировано "SYSMAN"."MGMT_NOTIFY_SCHEDULES"                0 KB       0 строк
. . экспортировано "SYSMAN"."MGMT_OB_ADMIN_CLIENT_DB"              0 KB       0 строк
. . экспортировано "SYSMAN"."MGMT_OB_ADMIN_HOSTS"                  0 KB       0 строк
. . экспортировано "SYSMAN"."MGMT_OMS_PARAMETERS"                  0 KB       0 строк
. . экспортировано "SYSMAN"."MGMT_OSM_DISK_GROUP_ECM"              0 KB       0 строк
. . экспортировано "SYSMAN"."MGMT_PLANPROBLEM_FACTORS"             0 KB       0 строк
. . экспортировано "SYSMAN"."MGMT_POLICY_ERRORS"                   0 KB       0 строк
. . экспортировано "SYSMAN"."MGMT_POLICY_PARAMS"                   0 KB       0 строк
. . экспортировано "SYSMAN"."MGMT_POLICY_RULE_DEF_PARAMS"          0 KB       0 строк
. . экспортировано "SYSMAN"."MGMT_POLICY_VIOLATION_ROWS"           0 KB       0 строк
. . экспортировано "SYSMAN"."MGMT_POLICY_VIOLATIONS"               0 KB       0 строк
. . экспортировано "SYSMAN"."MGMT_POLICY_VIOLATION_VALUES"         0 KB       0 строк
. . экспортировано "SYSMAN"."MGMT_PORTLET_PREFERENCE_STORE"        0 KB       0 строк
. . экспортировано "SYSMAN"."MGMT_RCVCAT_CONFIG"                   0 KB       0 строк
. . экспортировано "SYSMAN"."MGMT_RCVCAT_REPOS"                    0 KB       0 строк
. . экспортировано "SYSMAN"."MGMT_SEVERITY"                        0 KB       0 строк
. . экспортировано "SYSMAN"."MGMT_SPACE_METRICS"                   0 KB       0 строк
. . экспортировано "SYSMAN"."MGMT_SQL_BIND_VARS"                   0 KB       0 строк
. . экспортировано "SYSMAN"."MGMT_SQL_EVALUATION"                  0 KB       0 строк
. . экспортировано "SYSMAN"."MGMT_SQL_METRIC_HELPER"               0 KB       0 строк
. . экспортировано "SYSMAN"."MGMT_SQL_PLAN"                        0 KB       0 строк
. . экспортировано "SYSMAN"."MGMT_SQLPROBLEM_FACTORS"              0 KB       0 строк
. . экспортировано "SYSMAN"."MGMT_SQL_REUSE"                       0 KB       0 строк
. . экспортировано "SYSMAN"."MGMT_SQL_SUMMARY"                     0 KB       0 строк
. . экспортировано "SYSMAN"."MGMT_STRING_METRIC_HISTORY"           0 KB       0 строк
. . экспортировано "SYSMAN"."MGMT_SYSTEM_ERROR_LOG"                0 KB       0 строк
. . экспортировано "SYSMAN"."MGMT_TABLE_SIZES"                     0 KB       0 строк
. . экспортировано "SYSMAN"."MGMT_TARGET_AGENT_ASSOC"              0 KB       0 строк
. . экспортировано "SYSMAN"."MGMT_TARGET_ASSOC"                    0 KB       0 строк
. . экспортировано "SYSMAN"."MGMT_TARGET_ASSOC_INSTANCE"           0 KB       0 строк
. . экспортировано "SYSMAN"."MGMT_TARGET_BASELINES"                0 KB       0 строк
. . экспортировано "SYSMAN"."MGMT_TARGET_BASELINES_DATA"           0 KB       0 строк
. . экспортировано "SYSMAN"."MGMT_TARGET_CREDENTIALS"              0 KB       0 строк
. . экспортировано "SYSMAN"."MGMT_TARGET_MEMBERSHIPS"              0 KB       0 строк
. . экспортировано "SYSMAN"."MGMT_TARGET_PROP_DEFS"                0 KB       0 строк
. . экспортировано "SYSMAN"."MGMT_TARGET_PROPERTIES"               0 KB       0 строк
. . экспортировано "SYSMAN"."MGMT_TARGETS_DELETE"                  0 KB       0 строк
. . экспортировано "SYSMAN"."MGMT_UPDATE_CREDENTIALS_DATA"         0 KB       0 строк
. . экспортировано "SYSMAN"."MGMT_UPDATE_OPERATIONS"               0 KB       0 строк
. . экспортировано "SYSMAN"."MGMT_UPDATE_OPERATIONS_DATA"          0 KB       0 строк
. . экспортировано "SYSMAN"."MGMT_UPDATE_OPERATIONS_DETAILS"       0 KB       0 строк
. . экспортировано "SYSMAN"."MGMT_UPDATE_PROPERTIES_DATA"          0 KB       0 строк
. . экспортировано "SYSMAN"."MGMT_UPDATE_THRESHOLDS_DATA"          0 KB       0 строк
. . экспортировано "SYSMAN"."MGMT_USER_JOBS"                       0 KB       0 строк
. . экспортировано "SYSMAN"."MGMT_USER_PREFERENCES"                0 KB       0 строк
. . экспортировано "SYSMAN"."MGMT_USER_TARGETS"                    0 KB       0 строк
. . экспортировано "SYSTEM"."DEF$_AQCALL"                          0 KB       0 строк
. . экспортировано "SYSTEM"."DEF$_AQERROR"                         0 KB       0 строк
. . экспортировано "SYSTEM"."DEF$_CALLDEST"                        0 KB       0 строк
. . экспортировано "SYSTEM"."DEF$_DEFAULTDEST"                     0 KB       0 строк
. . экспортировано "SYSTEM"."DEF$_DESTINATION"                     0 KB       0 строк
. . экспортировано "SYSTEM"."DEF$_ERROR"                           0 KB       0 строк
. . экспортировано "SYSTEM"."DEF$_LOB"                             0 KB       0 строк
. . экспортировано "SYSTEM"."DEF$_ORIGIN"                          0 KB       0 строк
. . экспортировано "SYSTEM"."DEF$_PROPAGATOR"                      0 KB       0 строк
. . экспортировано "SYSTEM"."DEF$_PUSHED_TRANSACTIONS"             0 KB       0 строк
. . экспортировано "SYSTEM"."DEF$_TEMP$LOB"                        0 KB       0 строк
. . экспортировано "SYSTEM"."LOGSTDBY$APPLY_MILESTONE"             0 KB       0 строк
. . экспортировано "SYSTEM"."LOGSTDBY$APPLY_PROGRESS":"P0"         0 KB       0 строк
. . экспортировано "SYSTEM"."LOGSTDBY$EVENTS"                      0 KB       0 строк
. . экспортировано "SYSTEM"."LOGSTDBY$HISTORY"                     0 KB       0 строк
. . экспортировано "SYSTEM"."LOGSTDBY$PARAMETERS"                  0 KB       0 строк
. . экспортировано "SYSTEM"."LOGSTDBY$PLSQL"                       0 KB       0 строк
. . экспортировано "SYSTEM"."LOGSTDBY$SCN"                         0 KB       0 строк
. . экспортировано "SYSTEM"."LOGSTDBY$SKIP"                        0 KB       0 строк
. . экспортировано "SYSTEM"."LOGSTDBY$SKIP_TRANSACTION"            0 KB       0 строк
. . экспортировано "SYSTEM"."MVIEW$_ADV_INDEX"                     0 KB       0 строк
. . экспортировано "SYSTEM"."MVIEW$_ADV_PARTITION"                 0 KB       0 строк
. . экспортировано "SYSTEM"."REPCAT$_AUDIT_COLUMN"                 0 KB       0 строк
. . экспортировано "SYSTEM"."REPCAT$_COLUMN_GROUP"                 0 KB       0 строк
. . экспортировано "SYSTEM"."REPCAT$_CONFLICT"                     0 KB       0 строк
. . экспортировано "SYSTEM"."REPCAT$_DDL"                          0 KB       0 строк
. . экспортировано "SYSTEM"."REPCAT$_EXCEPTIONS"                   0 KB       0 строк
. . экспортировано "SYSTEM"."REPCAT$_EXTENSION"                    0 KB       0 строк
. . экспортировано "SYSTEM"."REPCAT$_FLAVOR_OBJECTS"               0 KB       0 строк
. . экспортировано "SYSTEM"."REPCAT$_FLAVORS"                      0 KB       0 строк
. . экспортировано "SYSTEM"."REPCAT$_GENERATED"                    0 KB       0 строк
. . экспортировано "SYSTEM"."REPCAT$_GROUPED_COLUMN"               0 KB       0 строк
. . экспортировано "SYSTEM"."REPCAT$_INSTANTIATION_DDL"            0 KB       0 строк
. . экспортировано "SYSTEM"."REPCAT$_KEY_COLUMNS"                  0 KB       0 строк
. . экспортировано "SYSTEM"."REPCAT$_OBJECT_PARMS"                 0 KB       0 строк
. . экспортировано "SYSTEM"."REPCAT$_PARAMETER_COLUMN"             0 KB       0 строк
. . экспортировано "SYSTEM"."REPCAT$_PRIORITY"                     0 KB       0 строк
. . экспортировано "SYSTEM"."REPCAT$_PRIORITY_GROUP"               0 KB       0 строк
. . экспортировано "SYSTEM"."REPCAT$_REFRESH_TEMPLATES"            0 KB       0 строк
. . экспортировано "SYSTEM"."REPCAT$_REPCAT"                       0 KB       0 строк
. . экспортировано "SYSTEM"."REPCAT$_REPCATLOG"                    0 KB       0 строк
. . экспортировано "SYSTEM"."REPCAT$_REPCOLUMN"                    0 KB       0 строк
. . экспортировано "SYSTEM"."REPCAT$_REPGROUP_PRIVS"               0 KB       0 строк
. . экспортировано "SYSTEM"."REPCAT$_REPOBJECT"                    0 KB       0 строк
. . экспортировано "SYSTEM"."REPCAT$_REPPROP"                      0 KB       0 строк
. . экспортировано "SYSTEM"."REPCAT$_REPSCHEMA"                    0 KB       0 строк
. . экспортировано "SYSTEM"."REPCAT$_RESOL_STATS_CONTROL"          0 KB       0 строк
. . экспортировано "SYSTEM"."REPCAT$_RESOLUTION"                   0 KB       0 строк
. . экспортировано "SYSTEM"."REPCAT$_RESOLUTION_STATISTICS"        0 KB       0 строк
. . экспортировано "SYSTEM"."REPCAT$_RUNTIME_PARMS"                0 KB       0 строк
. . экспортировано "SYSTEM"."REPCAT$_SITE_OBJECTS"                 0 KB       0 строк
. . экспортировано "SYSTEM"."REPCAT$_SITES_NEW"                    0 KB       0 строк
. . экспортировано "SYSTEM"."REPCAT$_SNAPGROUP"                    0 KB       0 строк
. . экспортировано "SYSTEM"."REPCAT$_TEMPLATE_OBJECTS"             0 KB       0 строк
. . экспортировано "SYSTEM"."REPCAT$_TEMPLATE_PARMS"               0 KB       0 строк
. . экспортировано "SYSTEM"."REPCAT$_TEMPLATE_REFGROUPS"           0 KB       0 строк
. . экспортировано "SYSTEM"."REPCAT$_TEMPLATE_SITES"               0 KB       0 строк
. . экспортировано "SYSTEM"."REPCAT$_TEMPLATE_TARGETS"             0 KB       0 строк
. . экспортировано "SYSTEM"."REPCAT$_USER_AUTHORIZATIONS"          0 KB       0 строк
. . экспортировано "SYSTEM"."REPCAT$_USER_PARM_VALUES"             0 KB       0 строк
. . экспортировано "SYSTEM"."SQLPLUS_PRODUCT_PROFILE"              0 KB       0 строк
. . экспортировано "TSMSYS"."SRS$"                                 0 KB       0 строк
Главная таблица "SYSTEM"."SYS_EXPORT_FULL_01" успешно загружена/выгружена
******************************************************************************
Файл дампа, назначенный для SYSTEM.SYS_EXPORT_FULL_01:
  C:\ORACLE\DUMP_DIR\FULLSOLID.DMP
Задание "SYSTEM"."SYS_EXPORT_FULL_01" успешно завершено в 20:19:09
